<?xml version="1.0" encoding="UTF-8"?>
<testng-results ignored="0" total="1" passed="1" failed="0" skipped="0">
  <reporter-output>
  </reporter-output>
  <suite started-at="2022-02-04T20:40:58 IST" name="Default suite" finished-at="2022-02-04T20:41:23 IST" duration-ms="24756">
    <groups>
      <group name="cucumber">
        <method signature="AbstractTestNGCucumberTests.runScenario(io.cucumber.testng.PickleWrapper, io.cucumber.testng.FeatureWrapper)[pri:0, instance:runners.OpenCartRunner@7334aada]" name="runScenario" class="io.cucumber.testng.AbstractTestNGCucumberTests"/>
      </group> <!-- cucumber -->
    </groups>
    <test started-at="2022-02-04T20:40:58 IST" name="Default test" finished-at="2022-02-04T20:41:23 IST" duration-ms="24756">
      <class name="runners.OpenCartRunner">
        <test-method is-config="true" signature="setUpClass()[pri:0, instance:runners.OpenCartRunner@7334aada]" started-at="2022-02-04T20:40:58 IST" name="setUpClass" finished-at="2022-02-04T20:40:59 IST" duration-ms="584" status="PASS">
          <reporter-output>
          </reporter-output>
        </test-method> <!-- setUpClass -->
        <test-method signature="runScenario(io.cucumber.testng.PickleWrapper, io.cucumber.testng.FeatureWrapper)[pri:0, instance:runners.OpenCartRunner@7334aada]" started-at="2022-02-04T20:40:59 IST" name="runScenario" description="Runs Cucumber Scenarios" data-provider="scenarios" finished-at="2022-02-04T20:41:23 IST" duration-ms="24084" status="PASS">
          <params>
            <param index="0">
              <value>
                <![CDATA["Place an Order"]]>
              </value>
            </param>
            <param index="1">
              <value>
                <![CDATA["Optional[Open Cart Place Order Feature]"]]>
              </value>
            </param>
          </params>
          <reporter-output>
          </reporter-output>
        </test-method> <!-- runScenario -->
        <test-method is-config="true" signature="tearDownClass()[pri:0, instance:runners.OpenCartRunner@7334aada]" started-at="2022-02-04T20:41:23 IST" name="tearDownClass" finished-at="2022-02-04T20:41:23 IST" duration-ms="18" status="PASS">
          <reporter-output>
          </reporter-output>
        </test-method> <!-- tearDownClass -->
      </class> <!-- runners.OpenCartRunner -->
    </test> <!-- Default test -->
  </suite> <!-- Default suite -->
</testng-results>
